
> with-notpadd@4.0.0 build /home/bkm/Projects/not-padd/examples/with-notpadd
> next build

[baseline-browser-mapping] The data in this module is over two months old.  To ensure accurate Baseline data, please update: `npm i baseline-browser-mapping@latest -D`
Starting content-collections content-collections.ts
Successfully generated 13 MDX files from Notpadd data in notpadd/
build started ...
... finished build of 1 collection and 13 documents in 335ms
   ▲ Next.js 16.0.7 (Turbopack)

   Creating an optimized production build ...
[baseline-browser-mapping] The data in this module is over two months old.  To ensure accurate Baseline data, please update: `npm i baseline-browser-mapping@latest -D`
 ✓ Compiled successfully in 23.0s
   Running TypeScript ...
Failed to compile.

./next.config.ts:11:28
Type error: Argument of type 'NextConfig' is not assignable to parameter of type 'NextConfigInput | undefined'.
  Type 'import("/home/bkm/Projects/not-padd/node_modules/.pnpm/next@16.0.7_@babel+core@7.28.5_react-dom@19.2.0_react@19.2.0__react@19.2.0/node_modules/next/dist/server/config-shared").NextConfig' is not assignable to type 'import("/home/bkm/Projects/not-padd/node_modules/.pnpm/next@14.2.33_react-dom@19.2.0_react@19.2.0__react@19.2.0/node_modules/next/dist/server/config-shared").NextConfig'.
    Types of property 'i18n' are incompatible.
      Type 'import("/home/bkm/Projects/not-padd/node_modules/.pnpm/next@16.0.7_@babel+core@7.28.5_react-dom@19.2.0_react@19.2.0__react@19.2.0/node_modules/next/dist/server/config-shared").I18NConfig | null | undefined' is not assignable to type 'import("/home/bkm/Projects/not-padd/node_modules/.pnpm/next@14.2.33_react-dom@19.2.0_react@19.2.0__react@19.2.0/node_modules/next/dist/server/config-shared").I18NConfig | null | undefined'.
        Type 'import("/home/bkm/Projects/not-padd/node_modules/.pnpm/next@16.0.7_@babel+core@7.28.5_react-dom@19.2.0_react@19.2.0__react@19.2.0/node_modules/next/dist/server/config-shared").I18NConfig' is not assignable to type 'import("/home/bkm/Projects/not-padd/node_modules/.pnpm/next@14.2.33_react-dom@19.2.0_react@19.2.0__react@19.2.0/node_modules/next/dist/server/config-shared").I18NConfig'.
          Types of property 'domains' are incompatible.
            Type 'import("/home/bkm/Projects/not-padd/node_modules/.pnpm/next@16.0.7_@babel+core@7.28.5_react-dom@19.2.0_react@19.2.0__react@19.2.0/node_modules/next/dist/server/config-shared").I18NDomains | undefined' is not assignable to type 'import("/home/bkm/Projects/not-padd/node_modules/.pnpm/next@14.2.33_react-dom@19.2.0_react@19.2.0__react@19.2.0/node_modules/next/dist/server/config-shared").I18NDomains | undefined'.
              The type 'I18NDomains' is 'readonly' and cannot be assigned to the mutable type 'DomainLocale[]'.

[0m [90m  9 |[39m }[33m;[39m
 [90m 10 |[39m
[31m[1m>[22m[39m[90m 11 |[39m [36mexport[39m [36mdefault[39m withNotpadd(nextConfig)[33m;[39m
 [90m    |[39m                            [31m[1m^[22m[39m
 [90m 12 |[39m[0m
Next.js build worker exited with code: 1 and signal: null
 ELIFECYCLE  Command failed with exit code 1.
